TN:
SF:src/data-source.ts
FNF:0
FNH:0
DA:1,1
DA:2,1
DA:3,1
DA:6,1
LF:4
LH:4
BRF:0
BRH:0
end_of_record
TN:
SF:src/index.ts
FN:23,(anonymous_14)
FN:23,(anonymous_15)
FN:40,(anonymous_16)
FNF:3
FNH:3
FNDA:1,(anonymous_14)
FNDA:1,(anonymous_15)
FNDA:1,(anonymous_16)
DA:1,1
DA:2,1
DA:3,1
DA:4,1
DA:5,1
DA:7,1
DA:9,1
DA:10,1
DA:12,1
DA:19,1
DA:21,1
DA:23,1
DA:26,1
DA:27,1
DA:28,1
DA:32,1
DA:33,1
DA:34,1
DA:37,1
DA:40,1
DA:41,1
DA:44,0
DA:45,0
DA:50,1
DA:51,1
LF:25
LH:23
BRDA:19,0,0,1
BRDA:19,0,1,0
BRF:2
BRH:1
end_of_record
TN:
SF:src/controller/UserController.ts
FN:7,(anonymous_7)
FN:18,(anonymous_9)
FNF:2
FNH:0
FNDA:0,(anonymous_7)
FNDA:0,(anonymous_9)
DA:2,1
DA:3,1
DA:4,1
DA:8,0
DA:9,0
DA:10,0
DA:11,0
DA:13,0
DA:14,0
DA:20,0
DA:22,0
DA:23,0
DA:27,0
DA:29,0
DA:30,0
DA:31,0
DA:32,0
DA:34,0
DA:36,0
DA:37,0
DA:38,0
DA:39,0
DA:43,0
DA:44,0
DA:47,0
DA:48,0
DA:53,1
LF:27
LH:4
BRDA:22,0,0,0
BRDA:37,1,0,0
BRF:2
BRH:0
end_of_record
TN:
SF:src/entity/User.ts
FNF:0
FNH:0
DA:1,1
DA:2,1
DA:6,1
DA:8,1
DA:12,1
DA:16,1
DA:21,1
LF:7
LH:7
BRF:0
BRH:0
end_of_record
TN:
SF:src/routes/index.ts
FN:6,(anonymous_1)
FNF:1
FNH:1
FNDA:1,(anonymous_1)
DA:1,1
DA:2,1
DA:4,1
DA:5,1
DA:6,1
DA:7,1
DA:10,1
LF:7
LH:7
BRF:0
BRH:0
end_of_record
TN:
SF:src/routes/user.ts
FNF:0
FNH:0
DA:1,1
DA:2,1
DA:5,1
DA:7,1
DA:8,1
DA:11,1
LF:6
LH:6
BRF:0
BRH:0
end_of_record
